2024-01-31T15:50:28.540674Z 0 [System] [MY-015017] [Server] MySQL Server Initialization - start.
2024-01-31T15:50:28.542715Z 0 [Warning] [MY-011068] [Server] The syntax '--skip-host-cache' is deprecated and will be removed in a future release. Please use SET GLOBAL host_cache_size=0 instead.
2024-01-31T15:50:28.543050Z 0 [System] [MY-013169] [Server] /usr/sbin/mysqld (mysqld 8.1.0) initializing of server in progress as process 80
2024-01-31T15:50:28.555567Z 1 [System] [MY-013576] [InnoDB] InnoDB initialization has started.
2024-01-31T15:50:29.369425Z 1 [System] [MY-013577] [InnoDB] InnoDB initialization has ended.
2024-01-31T15:50:31.672679Z 6 [Warning] [MY-010453] [Server] root@localhost is created with an empty password ! Please consider switching off the --initialize-insecure option.
2024-01-31T15:50:36.395890Z 0 [System] [MY-015018] [Server] MySQL Server Initialization - end.
2024-01-31T15:50:36.468704Z 0 [System] [MY-015015] [Server] MySQL Server - start.
2024-01-31T15:50:36.687273Z 0 [Warning] [MY-011068] [Server] The syntax '--skip-host-cache' is deprecated and will be removed in a future release. Please use SET GLOBAL host_cache_size=0 instead.
2024-01-31T15:50:36.688376Z 0 [System] [MY-010116] [Server] /usr/sbin/mysqld (mysqld 8.1.0) starting as process 124
2024-01-31T15:50:36.715629Z 1 [System] [MY-013576] [InnoDB] InnoDB initialization has started.
2024-01-31T15:50:36.894170Z 1 [System] [MY-013577] [InnoDB] InnoDB initialization has ended.
2024-01-31T15:50:37.250360Z 0 [Warning] [MY-010068] [Server] CA certificate ca.pem is self signed.
2024-01-31T15:50:37.250429Z 0 [System] [MY-013602] [Server] Channel mysql_main configured to support TLS. Encrypted connections are now supported for this channel.
2024-01-31T15:50:37.254795Z 0 [Warning] [MY-011810] [Server] Insecure configuration for --pid-file: Location '/var/run/mysqld' in the path is accessible to all OS users. Consider choosing a different directory.
2024-01-31T15:50:37.275430Z 0 [System] [MY-011323] [Server] X Plugin ready for connections. Socket: /var/run/mysqld/mysqlx.sock
2024-01-31T15:50:37.275457Z 0 [System] [MY-010931] [Server] /usr/sbin/mysqld: ready for connections. Version: '8.1.0'  socket: '/var/run/mysqld/mysqld.sock'  port: 0  MySQL Community Server - GPL.
2024-01-31T15:50:39.596272Z 11 [System] [MY-013172] [Server] Received SHUTDOWN from user root. Shutting down mysqld (Version: 8.1.0).
2024-01-31T15:50:41.339471Z 0 [System] [MY-010910] [Server] /usr/sbin/mysqld: Shutdown complete (mysqld 8.1.0)  MySQL Community Server - GPL.
2024-01-31T15:50:41.347697Z 0 [System] [MY-015016] [Server] MySQL Server - end.
2024-01-31T15:50:41.618226Z 0 [System] [MY-015015] [Server] MySQL Server - start.
2024-01-31T15:50:41.845423Z 0 [Warning] [MY-011068] [Server] The syntax '--skip-host-cache' is deprecated and will be removed in a future release. Please use SET GLOBAL host_cache_size=0 instead.
2024-01-31T15:50:41.846605Z 0 [System] [MY-010116] [Server] /usr/sbin/mysqld (mysqld 8.1.0) starting as process 1
2024-01-31T15:50:41.852128Z 1 [System] [MY-013576] [InnoDB] InnoDB initialization has started.
2024-01-31T15:50:42.037610Z 1 [System] [MY-013577] [InnoDB] InnoDB initialization has ended.
2024-01-31T15:50:42.344551Z 0 [Warning] [MY-010068] [Server] CA certificate ca.pem is self signed.
2024-01-31T15:50:42.344608Z 0 [System] [MY-013602] [Server] Channel mysql_main configured to support TLS. Encrypted connections are now supported for this channel.
2024-01-31T15:50:42.348827Z 0 [Warning] [MY-011810] [Server] Insecure configuration for --pid-file: Location '/var/run/mysqld' in the path is accessible to all OS users. Consider choosing a different directory.
2024-01-31T15:50:42.382608Z 0 [System] [MY-011323] [Server] X Plugin ready for connections. Bind-address: '::' port: 33060, socket: /var/run/mysqld/mysqlx.sock
2024-01-31T15:50:42.382654Z 0 [System] [MY-010931] [Server] /usr/sbin/mysqld: ready for connections. Version: '8.1.0'  socket: '/var/run/mysqld/mysqld.sock'  port: 3306  MySQL Community Server - GPL.
2024-01-31T15:52:39.763136Z 0 [System] [MY-013172] [Server] Received SHUTDOWN from user <via user signal>. Shutting down mysqld (Version: 8.1.0).
2024-01-31T15:52:40.711668Z 0 [System] [MY-010910] [Server] /usr/sbin/mysqld: Shutdown complete (mysqld 8.1.0)  MySQL Community Server - GPL.
2024-01-31T15:52:40.713596Z 0 [System] [MY-015016] [Server] MySQL Server - end.
2024-01-31T15:52:46.789647Z 0 [System] [MY-015015] [Server] MySQL Server - start.
2024-01-31T15:52:47.012633Z 0 [Warning] [MY-011068] [Server] The syntax '--skip-host-cache' is deprecated and will be removed in a future release. Please use SET GLOBAL host_cache_size=0 instead.
2024-01-31T15:52:47.013931Z 0 [System] [MY-010116] [Server] /usr/sbin/mysqld (mysqld 8.1.0) starting as process 1
2024-01-31T15:52:47.030106Z 1 [System] [MY-013576] [InnoDB] InnoDB initialization has started.
2024-01-31T15:52:47.205840Z 1 [System] [MY-013577] [InnoDB] InnoDB initialization has ended.
2024-01-31T15:52:47.494434Z 0 [Warning] [MY-010068] [Server] CA certificate ca.pem is self signed.
2024-01-31T15:52:47.494491Z 0 [System] [MY-013602] [Server] Channel mysql_main configured to support TLS. Encrypted connections are now supported for this channel.
2024-01-31T15:52:47.498725Z 0 [Warning] [MY-011810] [Server] Insecure configuration for --pid-file: Location '/var/run/mysqld' in the path is accessible to all OS users. Consider choosing a different directory.
2024-01-31T15:52:47.540197Z 0 [System] [MY-011323] [Server] X Plugin ready for connections. Bind-address: '::' port: 33060, socket: /var/run/mysqld/mysqlx.sock
2024-01-31T15:52:47.540273Z 0 [System] [MY-010931] [Server] /usr/sbin/mysqld: ready for connections. Version: '8.1.0'  socket: '/var/run/mysqld/mysqld.sock'  port: 3306  MySQL Community Server - GPL.
2024-01-31T15:54:41.561781Z 0 [System] [MY-013172] [Server] Received SHUTDOWN from user <via user signal>. Shutting down mysqld (Version: 8.1.0).
2024-01-31T15:54:42.866356Z 0 [System] [MY-010910] [Server] /usr/sbin/mysqld: Shutdown complete (mysqld 8.1.0)  MySQL Community Server - GPL.
2024-01-31T15:54:42.867181Z 0 [System] [MY-015016] [Server] MySQL Server - end.
2024-01-31T15:54:47.957637Z 0 [System] [MY-015015] [Server] MySQL Server - start.
2024-01-31T15:54:48.191396Z 0 [Warning] [MY-011068] [Server] The syntax '--skip-host-cache' is deprecated and will be removed in a future release. Please use SET GLOBAL host_cache_size=0 instead.
2024-01-31T15:54:48.192706Z 0 [System] [MY-010116] [Server] /usr/sbin/mysqld (mysqld 8.1.0) starting as process 1
2024-01-31T15:54:48.207397Z 1 [System] [MY-013576] [InnoDB] InnoDB initialization has started.
2024-01-31T15:54:48.373015Z 1 [System] [MY-013577] [InnoDB] InnoDB initialization has ended.
2024-01-31T15:54:48.656931Z 0 [Warning] [MY-010068] [Server] CA certificate ca.pem is self signed.
2024-01-31T15:54:48.656999Z 0 [System] [MY-013602] [Server] Channel mysql_main configured to support TLS. Encrypted connections are now supported for this channel.
2024-01-31T15:54:48.661175Z 0 [Warning] [MY-011810] [Server] Insecure configuration for --pid-file: Location '/var/run/mysqld' in the path is accessible to all OS users. Consider choosing a different directory.
2024-01-31T15:54:48.699328Z 0 [System] [MY-011323] [Server] X Plugin ready for connections. Bind-address: '::' port: 33060, socket: /var/run/mysqld/mysqlx.sock
2024-01-31T15:54:48.699421Z 0 [System] [MY-010931] [Server] /usr/sbin/mysqld: ready for connections. Version: '8.1.0'  socket: '/var/run/mysqld/mysqld.sock'  port: 3306  MySQL Community Server - GPL.
2024-01-31T15:56:33.010883Z 0 [System] [MY-015015] [Server] MySQL Server - start.
2024-01-31T15:56:33.236988Z 0 [Warning] [MY-011068] [Server] The syntax '--skip-host-cache' is deprecated and will be removed in a future release. Please use SET GLOBAL host_cache_size=0 instead.
2024-01-31T15:56:33.238378Z 0 [System] [MY-010116] [Server] /usr/sbin/mysqld (mysqld 8.1.0) starting as process 1
2024-01-31T15:56:33.244969Z 1 [System] [MY-013576] [InnoDB] InnoDB initialization has started.
2024-01-31T15:56:33.523248Z 1 [System] [MY-013577] [InnoDB] InnoDB initialization has ended.
2024-01-31T15:56:33.688041Z 0 [System] [MY-010229] [Server] Starting XA crash recovery...
2024-01-31T15:56:33.701604Z 0 [System] [MY-010232] [Server] XA crash recovery finished.
2024-01-31T15:56:33.811152Z 0 [Warning] [MY-010068] [Server] CA certificate ca.pem is self signed.
2024-01-31T15:56:33.811230Z 0 [System] [MY-013602] [Server] Channel mysql_main configured to support TLS. Encrypted connections are now supported for this channel.
2024-01-31T15:56:33.815645Z 0 [Warning] [MY-011810] [Server] Insecure configuration for --pid-file: Location '/var/run/mysqld' in the path is accessible to all OS users. Consider choosing a different directory.
2024-01-31T15:56:33.837586Z 0 [System] [MY-011323] [Server] X Plugin ready for connections. Bind-address: '::' port: 33060, socket: /var/run/mysqld/mysqlx.sock
2024-01-31T15:56:33.837633Z 0 [System] [MY-010931] [Server] /usr/sbin/mysqld: ready for connections. Version: '8.1.0'  socket: '/var/run/mysqld/mysqld.sock'  port: 3306  MySQL Community Server - GPL.
2024-01-31T16:00:40.399706Z 0 [System] [MY-013172] [Server] Received SHUTDOWN from user <via user signal>. Shutting down mysqld (Version: 8.1.0).
2024-01-31T16:00:40.865953Z 0 [System] [MY-010910] [Server] /usr/sbin/mysqld: Shutdown complete (mysqld 8.1.0)  MySQL Community Server - GPL.
2024-01-31T16:00:40.868513Z 0 [System] [MY-015016] [Server] MySQL Server - end.
2024-01-31T16:00:45.095879Z 0 [System] [MY-015015] [Server] MySQL Server - start.
2024-01-31T16:00:45.312046Z 0 [Warning] [MY-011068] [Server] The syntax '--skip-host-cache' is deprecated and will be removed in a future release. Please use SET GLOBAL host_cache_size=0 instead.
2024-01-31T16:00:45.313217Z 0 [System] [MY-010116] [Server] /usr/sbin/mysqld (mysqld 8.1.0) starting as process 1
2024-01-31T16:00:45.319217Z 1 [System] [MY-013576] [InnoDB] InnoDB initialization has started.
2024-01-31T16:00:45.488306Z 1 [System] [MY-013577] [InnoDB] InnoDB initialization has ended.
2024-01-31T16:00:45.800175Z 0 [Warning] [MY-010068] [Server] CA certificate ca.pem is self signed.
2024-01-31T16:00:45.800240Z 0 [System] [MY-013602] [Server] Channel mysql_main configured to support TLS. Encrypted connections are now supported for this channel.
2024-01-31T16:00:45.804924Z 0 [Warning] [MY-011810] [Server] Insecure configuration for --pid-file: Location '/var/run/mysqld' in the path is accessible to all OS users. Consider choosing a different directory.
2024-01-31T16:00:45.843511Z 0 [System] [MY-011323] [Server] X Plugin ready for connections. Bind-address: '::' port: 33060, socket: /var/run/mysqld/mysqlx.sock
2024-01-31T16:00:45.843546Z 0 [System] [MY-010931] [Server] /usr/sbin/mysqld: ready for connections. Version: '8.1.0'  socket: '/var/run/mysqld/mysqld.sock'  port: 3306  MySQL Community Server - GPL.
2024-01-31T16:01:14.120163Z 0 [System] [MY-013172] [Server] Received SHUTDOWN from user <via user signal>. Shutting down mysqld (Version: 8.1.0).
2024-01-31T16:01:15.163739Z 0 [System] [MY-010910] [Server] /usr/sbin/mysqld: Shutdown complete (mysqld 8.1.0)  MySQL Community Server - GPL.
2024-01-31T16:01:15.164708Z 0 [System] [MY-015016] [Server] MySQL Server - end.
2024-01-31T16:01:26.251795Z 0 [System] [MY-015015] [Server] MySQL Server - start.
2024-01-31T16:01:26.472034Z 0 [Warning] [MY-011068] [Server] The syntax '--skip-host-cache' is deprecated and will be removed in a future release. Please use SET GLOBAL host_cache_size=0 instead.
2024-01-31T16:01:26.473221Z 0 [System] [MY-010116] [Server] /usr/sbin/mysqld (mysqld 8.1.0) starting as process 1
2024-01-31T16:01:26.478954Z 1 [System] [MY-013576] [InnoDB] InnoDB initialization has started.
2024-01-31T16:01:26.661985Z 1 [System] [MY-013577] [InnoDB] InnoDB initialization has ended.
2024-01-31T16:01:26.936658Z 0 [Warning] [MY-010068] [Server] CA certificate ca.pem is self signed.
2024-01-31T16:01:26.936727Z 0 [System] [MY-013602] [Server] Channel mysql_main configured to support TLS. Encrypted connections are now supported for this channel.
2024-01-31T16:01:26.945570Z 0 [Warning] [MY-011810] [Server] Insecure configuration for --pid-file: Location '/var/run/mysqld' in the path is accessible to all OS users. Consider choosing a different directory.
2024-01-31T16:01:26.977909Z 0 [System] [MY-011323] [Server] X Plugin ready for connections. Bind-address: '::' port: 33060, socket: /var/run/mysqld/mysqlx.sock
2024-01-31T16:01:26.978044Z 0 [System] [MY-010931] [Server] /usr/sbin/mysqld: ready for connections. Version: '8.1.0'  socket: '/var/run/mysqld/mysqld.sock'  port: 3306  MySQL Community Server - GPL.
2024-01-31T16:04:11.206412Z 0 [System] [MY-013172] [Server] Received SHUTDOWN from user <via user signal>. Shutting down mysqld (Version: 8.1.0).
2024-01-31T16:04:12.068466Z 0 [System] [MY-010910] [Server] /usr/sbin/mysqld: Shutdown complete (mysqld 8.1.0)  MySQL Community Server - GPL.
2024-01-31T16:04:12.069984Z 0 [System] [MY-015016] [Server] MySQL Server - end.
2024-01-31T16:04:16.690880Z 0 [System] [MY-015015] [Server] MySQL Server - start.
2024-01-31T16:04:16.930503Z 0 [Warning] [MY-011068] [Server] The syntax '--skip-host-cache' is deprecated and will be removed in a future release. Please use SET GLOBAL host_cache_size=0 instead.
2024-01-31T16:04:16.931699Z 0 [System] [MY-010116] [Server] /usr/sbin/mysqld (mysqld 8.1.0) starting as process 1
2024-01-31T16:04:16.937510Z 1 [System] [MY-013576] [InnoDB] InnoDB initialization has started.
2024-01-31T16:04:17.131812Z 1 [System] [MY-013577] [InnoDB] InnoDB initialization has ended.
2024-01-31T16:04:17.417519Z 0 [Warning] [MY-010068] [Server] CA certificate ca.pem is self signed.
2024-01-31T16:04:17.417634Z 0 [System] [MY-013602] [Server] Channel mysql_main configured to support TLS. Encrypted connections are now supported for this channel.
2024-01-31T16:04:17.422585Z 0 [Warning] [MY-011810] [Server] Insecure configuration for --pid-file: Location '/var/run/mysqld' in the path is accessible to all OS users. Consider choosing a different directory.
2024-01-31T16:04:17.463137Z 0 [System] [MY-011323] [Server] X Plugin ready for connections. Bind-address: '::' port: 33060, socket: /var/run/mysqld/mysqlx.sock
2024-01-31T16:04:17.463161Z 0 [System] [MY-010931] [Server] /usr/sbin/mysqld: ready for connections. Version: '8.1.0'  socket: '/var/run/mysqld/mysqld.sock'  port: 3306  MySQL Community Server - GPL.
2024-01-31T16:08:11.998761Z 0 [System] [MY-013172] [Server] Received SHUTDOWN from user <via user signal>. Shutting down mysqld (Version: 8.1.0).
2024-01-31T16:08:12.546775Z 0 [System] [MY-010910] [Server] /usr/sbin/mysqld: Shutdown complete (mysqld 8.1.0)  MySQL Community Server - GPL.
2024-01-31T16:08:12.548011Z 0 [System] [MY-015016] [Server] MySQL Server - end.
2024-01-31T16:09:50.577558Z 0 [System] [MY-015015] [Server] MySQL Server - start.
2024-01-31T16:09:50.821873Z 0 [Warning] [MY-011068] [Server] The syntax '--skip-host-cache' is deprecated and will be removed in a future release. Please use SET GLOBAL host_cache_size=0 instead.
2024-01-31T16:09:50.823322Z 0 [System] [MY-010116] [Server] /usr/sbin/mysqld (mysqld 8.1.0) starting as process 1
2024-01-31T16:09:50.833714Z 1 [System] [MY-013576] [InnoDB] InnoDB initialization has started.
2024-01-31T16:09:51.040585Z 1 [System] [MY-013577] [InnoDB] InnoDB initialization has ended.
2024-01-31T16:09:51.363587Z 0 [Warning] [MY-010068] [Server] CA certificate ca.pem is self signed.
2024-01-31T16:09:51.363665Z 0 [System] [MY-013602] [Server] Channel mysql_main configured to support TLS. Encrypted connections are now supported for this channel.
2024-01-31T16:09:51.368171Z 0 [Warning] [MY-011810] [Server] Insecure configuration for --pid-file: Location '/var/run/mysqld' in the path is accessible to all OS users. Consider choosing a different directory.
2024-01-31T16:09:51.394953Z 0 [System] [MY-011323] [Server] X Plugin ready for connections. Bind-address: '::' port: 33060, socket: /var/run/mysqld/mysqlx.sock
2024-01-31T16:09:51.394982Z 0 [System] [MY-010931] [Server] /usr/sbin/mysqld: ready for connections. Version: '8.1.0'  socket: '/var/run/mysqld/mysqld.sock'  port: 3306  MySQL Community Server - GPL.
2024-01-31T16:14:19.932373Z 0 [System] [MY-013172] [Server] Received SHUTDOWN from user <via user signal>. Shutting down mysqld (Version: 8.1.0).
2024-01-31T16:14:21.957613Z 0 [Warning] [MY-010909] [Server] /usr/sbin/mysqld: Forcing close of thread 10  user: 'root'.
2024-01-31T16:14:22.467450Z 0 [System] [MY-010910] [Server] /usr/sbin/mysqld: Shutdown complete (mysqld 8.1.0)  MySQL Community Server - GPL.
2024-01-31T16:14:22.468977Z 0 [System] [MY-015016] [Server] MySQL Server - end.
2024-01-31T16:14:33.962421Z 0 [System] [MY-015015] [Server] MySQL Server - start.
2024-01-31T16:14:34.180402Z 0 [Warning] [MY-011068] [Server] The syntax '--skip-host-cache' is deprecated and will be removed in a future release. Please use SET GLOBAL host_cache_size=0 instead.
2024-01-31T16:14:34.181545Z 0 [System] [MY-010116] [Server] /usr/sbin/mysqld (mysqld 8.1.0) starting as process 1
2024-01-31T16:14:34.188557Z 1 [System] [MY-013576] [InnoDB] InnoDB initialization has started.
2024-01-31T16:14:34.387166Z 1 [System] [MY-013577] [InnoDB] InnoDB initialization has ended.
2024-01-31T16:14:34.679339Z 0 [Warning] [MY-010068] [Server] CA certificate ca.pem is self signed.
2024-01-31T16:14:34.679404Z 0 [System] [MY-013602] [Server] Channel mysql_main configured to support TLS. Encrypted connections are now supported for this channel.
2024-01-31T16:14:34.684167Z 0 [Warning] [MY-011810] [Server] Insecure configuration for --pid-file: Location '/var/run/mysqld' in the path is accessible to all OS users. Consider choosing a different directory.
2024-01-31T16:14:34.720495Z 0 [System] [MY-011323] [Server] X Plugin ready for connections. Bind-address: '::' port: 33060, socket: /var/run/mysqld/mysqlx.sock
2024-01-31T16:14:34.720564Z 0 [System] [MY-010931] [Server] /usr/sbin/mysqld: ready for connections. Version: '8.1.0'  socket: '/var/run/mysqld/mysqld.sock'  port: 3306  MySQL Community Server - GPL.
2024-01-31T16:16:01.546511Z 0 [System] [MY-013172] [Server] Received SHUTDOWN from user <via user signal>. Shutting down mysqld (Version: 8.1.0).
2024-01-31T16:16:03.065825Z 0 [System] [MY-010910] [Server] /usr/sbin/mysqld: Shutdown complete (mysqld 8.1.0)  MySQL Community Server - GPL.
2024-01-31T16:16:03.067079Z 0 [System] [MY-015016] [Server] MySQL Server - end.
2024-01-31T16:16:08.850784Z 0 [System] [MY-015015] [Server] MySQL Server - start.
2024-01-31T16:16:09.071408Z 0 [Warning] [MY-011068] [Server] The syntax '--skip-host-cache' is deprecated and will be removed in a future release. Please use SET GLOBAL host_cache_size=0 instead.
2024-01-31T16:16:09.072516Z 0 [System] [MY-010116] [Server] /usr/sbin/mysqld (mysqld 8.1.0) starting as process 1
2024-01-31T16:16:09.078375Z 1 [System] [MY-013576] [InnoDB] InnoDB initialization has started.
2024-01-31T16:16:09.272638Z 1 [System] [MY-013577] [InnoDB] InnoDB initialization has ended.
2024-01-31T16:16:09.564731Z 0 [Warning] [MY-010068] [Server] CA certificate ca.pem is self signed.
2024-01-31T16:16:09.564802Z 0 [System] [MY-013602] [Server] Channel mysql_main configured to support TLS. Encrypted connections are now supported for this channel.
2024-01-31T16:16:09.571970Z 0 [Warning] [MY-011810] [Server] Insecure configuration for --pid-file: Location '/var/run/mysqld' in the path is accessible to all OS users. Consider choosing a different directory.
2024-01-31T16:16:09.611631Z 0 [System] [MY-011323] [Server] X Plugin ready for connections. Bind-address: '::' port: 33060, socket: /var/run/mysqld/mysqlx.sock
2024-01-31T16:16:09.611712Z 0 [System] [MY-010931] [Server] /usr/sbin/mysqld: ready for connections. Version: '8.1.0'  socket: '/var/run/mysqld/mysqld.sock'  port: 3306  MySQL Community Server - GPL.
2024-01-31T16:18:35.121734Z 0 [System] [MY-013172] [Server] Received SHUTDOWN from user <via user signal>. Shutting down mysqld (Version: 8.1.0).
2024-01-31T16:18:35.671687Z 0 [System] [MY-010910] [Server] /usr/sbin/mysqld: Shutdown complete (mysqld 8.1.0)  MySQL Community Server - GPL.
2024-01-31T16:18:35.673579Z 0 [System] [MY-015016] [Server] MySQL Server - end.
2024-01-31T16:18:45.359339Z 0 [System] [MY-015015] [Server] MySQL Server - start.
2024-01-31T16:18:45.592360Z 0 [Warning] [MY-011068] [Server] The syntax '--skip-host-cache' is deprecated and will be removed in a future release. Please use SET GLOBAL host_cache_size=0 instead.
2024-01-31T16:18:45.594082Z 0 [System] [MY-010116] [Server] /usr/sbin/mysqld (mysqld 8.1.0) starting as process 1
2024-01-31T16:18:45.602962Z 1 [System] [MY-013576] [InnoDB] InnoDB initialization has started.
2024-01-31T16:18:45.793731Z 1 [System] [MY-013577] [InnoDB] InnoDB initialization has ended.
2024-01-31T16:18:46.100925Z 0 [Warning] [MY-010068] [Server] CA certificate ca.pem is self signed.
2024-01-31T16:18:46.100992Z 0 [System] [MY-013602] [Server] Channel mysql_main configured to support TLS. Encrypted connections are now supported for this channel.
2024-01-31T16:18:46.105571Z 0 [Warning] [MY-011810] [Server] Insecure configuration for --pid-file: Location '/var/run/mysqld' in the path is accessible to all OS users. Consider choosing a different directory.
2024-01-31T16:18:46.140577Z 0 [System] [MY-011323] [Server] X Plugin ready for connections. Bind-address: '::' port: 33060, socket: /var/run/mysqld/mysqlx.sock
2024-01-31T16:18:46.140682Z 0 [System] [MY-010931] [Server] /usr/sbin/mysqld: ready for connections. Version: '8.1.0'  socket: '/var/run/mysqld/mysqld.sock'  port: 3306  MySQL Community Server - GPL.
2024-01-31T16:20:35.435727Z 0 [System] [MY-013172] [Server] Received SHUTDOWN from user <via user signal>. Shutting down mysqld (Version: 8.1.0).
2024-01-31T16:20:36.506147Z 0 [System] [MY-010910] [Server] /usr/sbin/mysqld: Shutdown complete (mysqld 8.1.0)  MySQL Community Server - GPL.
2024-01-31T16:20:36.507123Z 0 [System] [MY-015016] [Server] MySQL Server - end.
2024-01-31T16:20:42.822694Z 0 [System] [MY-015015] [Server] MySQL Server - start.
2024-01-31T16:20:43.035560Z 0 [Warning] [MY-011068] [Server] The syntax '--skip-host-cache' is deprecated and will be removed in a future release. Please use SET GLOBAL host_cache_size=0 instead.
2024-01-31T16:20:43.036841Z 0 [System] [MY-010116] [Server] /usr/sbin/mysqld (mysqld 8.1.0) starting as process 1
2024-01-31T16:20:43.042727Z 1 [System] [MY-013576] [InnoDB] InnoDB initialization has started.
2024-01-31T16:20:43.226243Z 1 [System] [MY-013577] [InnoDB] InnoDB initialization has ended.
2024-01-31T16:20:43.499646Z 0 [Warning] [MY-010068] [Server] CA certificate ca.pem is self signed.
2024-01-31T16:20:43.499691Z 0 [System] [MY-013602] [Server] Channel mysql_main configured to support TLS. Encrypted connections are now supported for this channel.
2024-01-31T16:20:43.503496Z 0 [Warning] [MY-011810] [Server] Insecure configuration for --pid-file: Location '/var/run/mysqld' in the path is accessible to all OS users. Consider choosing a different directory.
2024-01-31T16:20:43.551762Z 0 [System] [MY-011323] [Server] X Plugin ready for connections. Bind-address: '::' port: 33060, socket: /var/run/mysqld/mysqlx.sock
2024-01-31T16:20:43.551789Z 0 [System] [MY-010931] [Server] /usr/sbin/mysqld: ready for connections. Version: '8.1.0'  socket: '/var/run/mysqld/mysqld.sock'  port: 3306  MySQL Community Server - GPL.
2024-01-31T16:28:41.103724Z 0 [System] [MY-013172] [Server] Received SHUTDOWN from user <via user signal>. Shutting down mysqld (Version: 8.1.0).
2024-01-31T16:28:43.135904Z 0 [Warning] [MY-010909] [Server] /usr/sbin/mysqld: Forcing close of thread 8  user: 'root'.
2024-01-31T16:28:43.699088Z 0 [System] [MY-010910] [Server] /usr/sbin/mysqld: Shutdown complete (mysqld 8.1.0)  MySQL Community Server - GPL.
2024-01-31T16:28:43.700709Z 0 [System] [MY-015016] [Server] MySQL Server - end.
2024-01-31T16:28:59.662686Z 0 [System] [MY-015015] [Server] MySQL Server - start.
2024-01-31T16:28:59.875531Z 0 [Warning] [MY-011068] [Server] The syntax '--skip-host-cache' is deprecated and will be removed in a future release. Please use SET GLOBAL host_cache_size=0 instead.
2024-01-31T16:28:59.876650Z 0 [System] [MY-010116] [Server] /usr/sbin/mysqld (mysqld 8.1.0) starting as process 1
2024-01-31T16:28:59.887132Z 1 [System] [MY-013576] [InnoDB] InnoDB initialization has started.
2024-01-31T16:29:00.083192Z 1 [System] [MY-013577] [InnoDB] InnoDB initialization has ended.
2024-01-31T16:29:00.409731Z 0 [Warning] [MY-010068] [Server] CA certificate ca.pem is self signed.
2024-01-31T16:29:00.409869Z 0 [System] [MY-013602] [Server] Channel mysql_main configured to support TLS. Encrypted connections are now supported for this channel.
2024-01-31T16:29:00.415852Z 0 [Warning] [MY-011810] [Server] Insecure configuration for --pid-file: Location '/var/run/mysqld' in the path is accessible to all OS users. Consider choosing a different directory.
2024-01-31T16:29:00.461694Z 0 [System] [MY-011323] [Server] X Plugin ready for connections. Bind-address: '::' port: 33060, socket: /var/run/mysqld/mysqlx.sock
2024-01-31T16:29:00.461808Z 0 [System] [MY-010931] [Server] /usr/sbin/mysqld: ready for connections. Version: '8.1.0'  socket: '/var/run/mysqld/mysqld.sock'  port: 3306  MySQL Community Server - GPL.
2024-01-31T16:37:52.492509Z 0 [System] [MY-013172] [Server] Received SHUTDOWN from user <via user signal>. Shutting down mysqld (Version: 8.1.0).
2024-01-31T16:37:53.579296Z 0 [System] [MY-010910] [Server] /usr/sbin/mysqld: Shutdown complete (mysqld 8.1.0)  MySQL Community Server - GPL.
2024-01-31T16:37:53.581214Z 0 [System] [MY-015016] [Server] MySQL Server - end.
